[0824/085241.887:ERROR:process_memory_win.cc(73)] ReadMemory at 0x56e000 of 73728 bytes failed: Only part of a ReadProcessMemory or WriteProcessMemory request was completed. (0x12B)
[0824/085241.890:ERROR:process_memory_win.cc(73)] ReadMemory at 0x635e000 of 8192 bytes failed: Only part of a ReadProcessMemory or WriteProcessMemory request was completed. (0x12B)
[0824/085241.890:ERROR:process_memory_win.cc(73)] ReadMemory at 0x645c000 of 16384 bytes failed: Only part of a ReadProcessMemory or WriteProcessMemory request was completed. (0x12B)
[0824/085241.890:ERROR:process_memory_win.cc(73)] ReadMemory at 0x655e000 of 8192 bytes failed: Only part of a ReadProcessMemory or WriteProcessMemory request was completed. (0x12B)
[0824/085241.893:ERROR:process_memory_win.cc(73)] ReadMemory at 0x669d000 of 12288 bytes failed: Only part of a ReadProcessMemory or WriteProcessMemory request was completed. (0x12B)
[0824/085241.893:ERROR:process_memory_win.cc(73)] ReadMemory at 0x685f000 of 4096 bytes failed: Only part of a ReadProcessMemory or WriteProcessMemory request was completed. (0x12B)
[0824/085241.893:ERROR:process_memory_win.cc(73)] ReadMemory at 0x699e000 of 8192 bytes failed: Only part of a ReadProcessMemory or WriteProcessMemory request was completed. (0x12B)
[0824/085241.893:ERROR:process_memory_win.cc(73)] ReadMemory at 0x6c7d000 of 12288 bytes failed: Only part of a ReadProcessMemory or WriteProcessMemory request was completed. (0x12B)
[0824/085241.893:ERROR:process_memory_win.cc(73)] ReadMemory at 0x6efe000 of 8192 bytes failed: Only part of a ReadProcessMemory or WriteProcessMemory request was completed. (0x12B)
[0824/085241.893:ERROR:process_memory_win.cc(73)] ReadMemory at 0x723b000 of 20480 bytes failed: Only part of a ReadProcessMemory or WriteProcessMemory request was completed. (0x12B)
[0824/085241.893:ERROR:process_memory_win.cc(73)] ReadMemory at 0x737c000 of 16384 bytes failed: Only part of a ReadProcessMemory or WriteProcessMemory request was completed. (0x12B)
[0824/085241.893:ERROR:process_memory_win.cc(73)] ReadMemory at 0x74fe000 of 8192 bytes failed: Only part of a ReadProcessMemory or WriteProcessMemory request was completed. (0x12B)
[0824/085241.893:ERROR:process_memory_win.cc(73)] ReadMemory at 0x85ca000 of 24576 bytes failed: Only part of a ReadProcessMemory or WriteProcessMemory request was completed. (0x12B)
[0824/085241.893:ERROR:process_memory_win.cc(73)] ReadMemory at 0xc13e000 of 8192 bytes failed: Only part of a ReadProcessMemory or WriteProcessMemory request was completed. (0x12B)
[0824/085241.893:ERROR:process_memory_win.cc(73)] ReadMemory at 0x27e000 of 560 bytes failed: Only part of a ReadProcessMemory or WriteProcessMemory request was completed. (0x12B)
[0824/085241.893:ERROR:process_memory_win.cc(73)] ReadMemory at 0x281000 of 3992 bytes failed: Only part of a ReadProcessMemory or WriteProcessMemory request was completed. (0x12B)
[0824/085241.893:ERROR:process_memory_win.cc(73)] ReadMemory at 0x284000 of 3992 bytes failed: Only part of a ReadProcessMemory or WriteProcessMemory request was completed. (0x12B)
[0824/085241.893:ERROR:process_memory_win.cc(73)] ReadMemory at 0x287000 of 3992 bytes failed: Only part of a ReadProcessMemory or WriteProcessMemory request was completed. (0x12B)
[0824/085241.893:ERROR:process_memory_win.cc(73)] ReadMemory at 0x28a000 of 3992 bytes failed: Only part of a ReadProcessMemory or WriteProcessMemory request was completed. (0x12B)
[0824/085241.893:ERROR:process_memory_win.cc(73)] ReadMemory at 0x28d000 of 3992 bytes failed: Only part of a ReadProcessMemory or WriteProcessMemory request was completed. (0x12B)
[0824/085241.893:ERROR:process_memory_win.cc(73)] ReadMemory at 0x290000 of 3992 bytes failed: Only part of a ReadProcessMemory or WriteProcessMemory request was completed. (0x12B)
[0824/085241.893:ERROR:process_memory_win.cc(73)] ReadMemory at 0x293000 of 3992 bytes failed: Only part of a ReadProcessMemory or WriteProcessMemory request was completed. (0x12B)
[0824/085241.893:ERROR:process_memory_win.cc(73)] ReadMemory at 0x296000 of 3992 bytes failed: Only part of a ReadProcessMemory or WriteProcessMemory request was completed. (0x12B)
[0824/085241.893:ERROR:process_memory_win.cc(73)] ReadMemory at 0x29c000 of 3992 bytes failed: Only part of a ReadProcessMemory or WriteProcessMemory request was completed. (0x12B)
[0824/085241.893:ERROR:process_memory_win.cc(73)] ReadMemory at 0x29f000 of 3992 bytes failed: Only part of a ReadProcessMemory or WriteProcessMemory request was completed. (0x12B)
[0824/085241.893:ERROR:process_memory_win.cc(73)] ReadMemory at 0x2a2000 of 3992 bytes failed: Only part of a ReadProcessMemory or WriteProcessMemory request was completed. (0x12B)
[0824/085241.893:ERROR:process_memory_win.cc(73)] ReadMemory at 0x2a5000 of 3992 bytes failed: Only part of a ReadProcessMemory or WriteProcessMemory request was completed. (0x12B)
[0824/085241.893:ERROR:process_memory_win.cc(73)] ReadMemory at 0x2ab000 of 3992 bytes failed: Only part of a ReadProcessMemory or WriteProcessMemory request was completed. (0x12B)
[0824/085241.893:ERROR:process_memory_win.cc(73)] ReadMemory at 0x2b1000 of 3992 bytes failed: Only part of a ReadProcessMemory or WriteProcessMemory request was completed. (0x12B)
[0824/085241.893:ERROR:process_memory_win.cc(73)] ReadMemory at 0x6a0730 of 512 bytes failed: Only part of a ReadProcessMemory or WriteProcessMemory request was completed. (0x12B)
[0824/085241.893:ERROR:process_memory_win.cc(73)] ReadMemory at 0x6a0ae0 of 8118 bytes failed: Only part of a ReadProcessMemory or WriteProcessMemory request was completed. (0x12B)
[0824/085241.893:ERROR:process_memory_win.cc(73)] ReadMemory at 0x6a2aa0 of 660 bytes failed: Only part of a ReadProcessMemory or WriteProcessMemory request was completed. (0x12B)
[0824/085241.893:ERROR:process_memory_win.cc(73)] ReadMemory at 0x6a2f4c of 118 bytes failed: Only part of a ReadProcessMemory or WriteProcessMemory request was completed. (0x12B)
[0824/085241.893:ERROR:process_memory_win.cc(73)] ReadMemory at 0x6a2fc4 of 868 bytes failed: Only part of a ReadProcessMemory or WriteProcessMemory request was completed. (0x12B)
[0824/085241.893:ERROR:process_memory_win.cc(73)] ReadMemory at 0x6a332a of 118 bytes failed: Only part of a ReadProcessMemory or WriteProcessMemory request was completed. (0x12B)
[0824/085241.893:ERROR:process_memory_win.cc(73)] ReadMemory at 0x6a33a2 of 98 bytes failed: Only part of a ReadProcessMemory or WriteProcessMemory request was completed. (0x12B)
[0824/085241.893:ERROR:process_memory_win.cc(73)] ReadMemory at 0x6a53c8 of 58 bytes failed: Only part of a ReadProcessMemory or WriteProcessMemory request was completed. (0x12B)
[0824/085241.893:ERROR:process_memory_win.cc(73)] ReadMemory at 0x6a54b8 of 72 bytes failed: Only part of a ReadProcessMemory or WriteProcessMemory request was completed. (0x12B)
[0824/085241.893:ERROR:process_memory_win.cc(73)] ReadMemory at 0x6a55a0 of 72 bytes failed: Only part of a ReadProcessMemory or WriteProcessMemory request was completed. (0x12B)
[0824/085241.893:ERROR:process_memory_win.cc(73)] ReadMemory at 0x6a56a0 of 126 bytes failed: Only part of a ReadProcessMemory or WriteProcessMemory request was completed. (0x12B)
[0824/085241.893:ERROR:process_memory_win.cc(73)] ReadMemory at 0x6a59d0 of 72 bytes failed: Only part of a ReadProcessMemory or WriteProcessMemory request was completed. (0x12B)
[0824/085241.896:ERROR:process_memory_win.cc(73)] ReadMemory at 0x6a5ab8 of 64 bytes failed: Only part of a ReadProcessMemory or WriteProcessMemory request was completed. (0x12B)
[0824/085241.896:ERROR:process_memory_win.cc(73)] ReadMemory at 0x6a5ba0 of 72 bytes failed: Only part of a ReadProcessMemory or WriteProcessMemory request was completed. (0x12B)
[0824/085241.896:ERROR:process_memory_win.cc(73)] ReadMemory at 0x6a5d28 of 72 bytes failed: Only part of a ReadProcessMemory or WriteProcessMemory request was completed. (0x12B)
[0824/085241.896:ERROR:process_memory_win.cc(73)] ReadMemory at 0x6a5e10 of 68 bytes failed: Only part of a ReadProcessMemory or WriteProcessMemory request was completed. (0x12B)
[0824/085241.896:ERROR:process_memory_win.cc(73)] ReadMemory at 0x6a6698 of 72 bytes failed: Only part of a ReadProcessMemory or WriteProcessMemory request was completed. (0x12B)
[0824/085241.896:ERROR:process_memory_win.cc(73)] ReadMemory at 0x6a6748 of 60 bytes failed: Only part of a ReadProcessMemory or WriteProcessMemory request was completed. (0x12B)
[0824/085241.896:ERROR:process_memory_win.cc(73)] ReadMemory at 0x6a67a8 of 72 bytes failed: Only part of a ReadProcessMemory or WriteProcessMemory request was completed. (0x12B)
[0824/085241.896:ERROR:process_memory_win.cc(73)] ReadMemory at 0x6a6890 of 154 bytes failed: Only part of a ReadProcessMemory or WriteProcessMemory request was completed. (0x12B)
[0824/085241.896:ERROR:process_memory_win.cc(73)] ReadMemory at 0x6a6d78 of 62 bytes failed: Only part of a ReadProcessMemory or WriteProcessMemory request was completed. (0x12B)
[0824/085241.896:ERROR:process_memory_win.cc(73)] ReadMemory at 0x6a73c0 of 72 bytes failed: Only part of a ReadProcessMemory or WriteProcessMemory request was completed. (0x12B)
[0824/085241.896:ERROR:process_memory_win.cc(73)] ReadMemory at 0x6a7470 of 60 bytes failed: Only part of a ReadProcessMemory or WriteProcessMemory request was completed. (0x12B)
[0824/085241.896:ERROR:process_memory_win.cc(73)] ReadMemory at 0x6a74b8 of 58 bytes failed: Only part of a ReadProcessMemory or WriteProcessMemory request was completed. (0x12B)
[0824/085241.896:ERROR:process_memory_win.cc(73)] ReadMemory at 0x6b0c30 of 72 bytes failed: Only part of a ReadProcessMemory or WriteProcessMemory request was completed. (0x12B)
[0824/085241.896:ERROR:process_memory_win.cc(73)] ReadMemory at 0x6b3250 of 54 bytes failed: Only part of a ReadProcessMemory or WriteProcessMemory request was completed. (0x12B)
[0824/085241.896:ERROR:process_memory_win.cc(73)] ReadMemory at 0x6b7500 of 62 bytes failed: Only part of a ReadProcessMemory or WriteProcessMemory request was completed. (0x12B)
[0824/085241.896:ERROR:process_memory_win.cc(73)] ReadMemory at 0x6b75d8 of 62 bytes failed: Only part of a ReadProcessMemory or WriteProcessMemory request was completed. (0x12B)
[0824/085241.896:ERROR:process_memory_win.cc(73)] ReadMemory at 0x6b76b0 of 62 bytes failed: Only part of a ReadProcessMemory or WriteProcessMemory request was completed. (0x12B)
[0824/085241.896:ERROR:process_memory_win.cc(73)] ReadMemory at 0x6b76f8 of 58 bytes failed: Only part of a ReadProcessMemory or WriteProcessMemory request was completed. (0x12B)
[0824/085241.896:ERROR:process_memory_win.cc(73)] ReadMemory at 0x6b7740 of 62 bytes failed: Only part of a ReadProcessMemory or WriteProcessMemory request was completed. (0x12B)
[0824/085241.896:ERROR:process_memory_win.cc(73)] ReadMemory at 0x6b7788 of 60 bytes failed: Only part of a ReadProcessMemory or WriteProcessMemory request was completed. (0x12B)
[0824/085241.896:ERROR:process_memory_win.cc(73)] ReadMemory at 0x6b7818 of 60 bytes failed: Only part of a ReadProcessMemory or WriteProcessMemory request was completed. (0x12B)
[0824/085241.896:ERROR:process_memory_win.cc(73)] ReadMemory at 0x6b7860 of 60 bytes failed: Only part of a ReadProcessMemory or WriteProcessMemory request was completed. (0x12B)
[0824/085241.896:ERROR:process_memory_win.cc(73)] ReadMemory at 0x6b78a8 of 62 bytes failed: Only part of a ReadProcessMemory or WriteProcessMemory request was completed. (0x12B)
[0824/085241.896:ERROR:process_memory_win.cc(73)] ReadMemory at 0x6b7938 of 62 bytes failed: Only part of a ReadProcessMemory or WriteProcessMemory request was completed. (0x12B)
[0824/085241.896:ERROR:process_memory_win.cc(73)] ReadMemory at 0x6b7980 of 60 bytes failed: Only part of a ReadProcessMemory or WriteProcessMemory request was completed. (0x12B)
[0824/085241.896:ERROR:process_memory_win.cc(73)] ReadMemory at 0x6b79c8 of 62 bytes failed: Only part of a ReadProcessMemory or WriteProcessMemory request was completed. (0x12B)
[0824/085241.896:ERROR:process_memory_win.cc(73)] ReadMemory at 0x6b7a10 of 62 bytes failed: Only part of a ReadProcessMemory or WriteProcessMemory request was completed. (0x12B)
[0824/085241.896:ERROR:process_memory_win.cc(73)] ReadMemory at 0x6b7a58 of 60 bytes failed: Only part of a ReadProcessMemory or WriteProcessMemory request was completed. (0x12B)
[0824/085241.896:ERROR:process_memory_win.cc(73)] ReadMemory at 0x6b7aa0 of 62 bytes failed: Only part of a ReadProcessMemory or WriteProcessMemory request was completed. (0x12B)
[0824/085241.896:ERROR:process_memory_win.cc(73)] ReadMemory at 0x6b7ae8 of 60 bytes failed: Only part of a ReadProcessMemory or WriteProcessMemory request was completed. (0x12B)
[0824/085241.896:ERROR:process_memory_win.cc(73)] ReadMemory at 0x6b7b78 of 62 bytes failed: Only part of a ReadProcessMemory or WriteProcessMemory request was completed. (0x12B)
[0824/085241.896:ERROR:process_memory_win.cc(73)] ReadMemory at 0x6b84e0 of 64 bytes failed: Only part of a ReadProcessMemory or WriteProcessMemory request was completed. (0x12B)
[0824/085241.896:ERROR:process_memory_win.cc(73)] ReadMemory at 0x6b85d0 of 64 bytes failed: Only part of a ReadProcessMemory or WriteProcessMemory request was completed. (0x12B)
[0824/085241.896:ERROR:process_memory_win.cc(73)] ReadMemory at 0x6b8620 of 66 bytes failed: Only part of a ReadProcessMemory or WriteProcessMemory request was completed. (0x12B)
[0824/085241.896:ERROR:process_memory_win.cc(73)] ReadMemory at 0x6b86c0 of 64 bytes failed: Only part of a ReadProcessMemory or WriteProcessMemory request was completed. (0x12B)
[0824/085241.896:ERROR:process_memory_win.cc(73)] ReadMemory at 0x6b8850 of 64 bytes failed: Only part of a ReadProcessMemory or WriteProcessMemory request was completed. (0x12B)
[0824/085241.896:ERROR:process_memory_win.cc(73)] ReadMemory at 0x6b88f0 of 66 bytes failed: Only part of a ReadProcessMemory or WriteProcessMemory request was completed. (0x12B)
[0824/085241.896:ERROR:process_memory_win.cc(73)] ReadMemory at 0x6b89e0 of 66 bytes failed: Only part of a ReadProcessMemory or WriteProcessMemory request was completed. (0x12B)
[0824/085241.896:ERROR:process_memory_win.cc(73)] ReadMemory at 0x6b8a80 of 64 bytes failed: Only part of a ReadProcessMemory or WriteProcessMemory request was completed. (0x12B)
[0824/085241.896:ERROR:process_memory_win.cc(73)] ReadMemory at 0x6b8ad0 of 64 bytes failed: Only part of a ReadProcessMemory or WriteProcessMemory request was completed. (0x12B)
[0824/085241.896:ERROR:process_memory_win.cc(73)] ReadMemory at 0x6b8c10 of 64 bytes failed: Only part of a ReadProcessMemory or WriteProcessMemory request was completed. (0x12B)
[0824/085241.896:ERROR:process_memory_win.cc(73)] ReadMemory at 0x6b8c60 of 64 bytes failed: Only part of a ReadProcessMemory or WriteProcessMemory request was completed. (0x12B)
[0824/085241.896:ERROR:process_memory_win.cc(73)] ReadMemory at 0x6b9258 of 72 bytes failed: Only part of a ReadProcessMemory or WriteProcessMemory request was completed. (0x12B)
[0824/085241.896:ERROR:process_memory_win.cc(73)] ReadMemory at 0x6b9308 of 80 bytes failed: Only part of a ReadProcessMemory or WriteProcessMemory request was completed. (0x12B)
[0824/085241.896:ERROR:process_memory_win.cc(73)] ReadMemory at 0x6b95f0 of 72 bytes failed: Only part of a ReadProcessMemory or WriteProcessMemory request was completed. (0x12B)
[0824/085241.896:ERROR:process_memory_win.cc(73)] ReadMemory at 0x6b96a0 of 72 bytes failed: Only part of a ReadProcessMemory or WriteProcessMemory request was completed. (0x12B)
[0824/085241.896:ERROR:process_memory_win.cc(73)] ReadMemory at 0x6b9750 of 72 bytes failed: Only part of a ReadProcessMemory or WriteProcessMemory request was completed. (0x12B)
[0824/085241.896:ERROR:process_memory_win.cc(73)] ReadMemory at 0x6b9800 of 72 bytes failed: Only part of a ReadProcessMemory or WriteProcessMemory request was completed. (0x12B)
[0824/085241.896:ERROR:process_memory_win.cc(73)] ReadMemory at 0x6b98b0 of 72 bytes failed: Only part of a ReadProcessMemory or WriteProcessMemory request was completed. (0x12B)
[0824/085241.896:ERROR:process_memory_win.cc(73)] ReadMemory at 0x6b9960 of 72 bytes failed: Only part of a ReadProcessMemory or WriteProcessMemory request was completed. (0x12B)
[0824/085241.896:ERROR:process_memory_win.cc(73)] ReadMemory at 0x6b9a10 of 72 bytes failed: Only part of a ReadProcessMemory or WriteProcessMemory request was completed. (0x12B)
[0824/085241.899:ERROR:process_memory_win.cc(73)] ReadMemory at 0x6b9ac0 of 72 bytes failed: Only part of a ReadProcessMemory or WriteProcessMemory request was completed. (0x12B)
[0824/085241.899:ERROR:process_memory_win.cc(73)] ReadMemory at 0x6b9b70 of 72 bytes failed: Only part of a ReadProcessMemory or WriteProcessMemory request was completed. (0x12B)
[0824/085241.899:ERROR:process_memory_win.cc(73)] ReadMemory at 0x6b9c20 of 72 bytes failed: Only part of a ReadProcessMemory or WriteProcessMemory request was completed. (0x12B)
[0824/085241.899:ERROR:process_memory_win.cc(73)] ReadMemory at 0x6b9d80 of 72 bytes failed: Only part of a ReadProcessMemory or WriteProcessMemory request was completed. (0x12B)
[0824/085241.899:ERROR:process_memory_win.cc(73)] ReadMemory at 0x6b9e30 of 72 bytes failed: Only part of a ReadProcessMemory or WriteProcessMemory request was completed. (0x12B)
[0824/085241.899:ERROR:process_memory_win.cc(73)] ReadMemory at 0x6b9ee0 of 72 bytes failed: Only part of a ReadProcessMemory or WriteProcessMemory request was completed. (0x12B)
[0824/085241.899:ERROR:process_memory_win.cc(73)] ReadMemory at 0x6b9f90 of 72 bytes failed: Only part of a ReadProcessMemory or WriteProcessMemory request was completed. (0x12B)
[0824/085241.899:ERROR:process_memory_win.cc(73)] ReadMemory at 0x6ba040 of 72 bytes failed: Only part of a ReadProcessMemory or WriteProcessMemory request was completed. (0x12B)
[0824/085241.899:ERROR:process_memory_win.cc(73)] ReadMemory at 0x6ba0f0 of 72 bytes failed: Only part of a ReadProcessMemory or WriteProcessMemory request was completed. (0x12B)
[0824/085241.899:ERROR:process_memory_win.cc(73)] ReadMemory at 0x6ba1a0 of 72 bytes failed: Only part of a ReadProcessMemory or WriteProcessMemory request was completed. (0x12B)
[0824/085241.899:ERROR:process_memory_win.cc(73)] ReadMemory at 0x6ba250 of 72 bytes failed: Only part of a ReadProcessMemory or WriteProcessMemory request was completed. (0x12B)
[0824/085241.899:ERROR:process_memory_win.cc(73)] ReadMemory at 0x6ba300 of 72 bytes failed: Only part of a ReadProcessMemory or WriteProcessMemory request was completed. (0x12B)
[0824/085241.899:ERROR:process_memory_win.cc(73)] ReadMemory at 0x6ba3b0 of 72 bytes failed: Only part of a ReadProcessMemory or WriteProcessMemory request was completed. (0x12B)
[0824/085241.899:ERROR:process_memory_win.cc(73)] ReadMemory at 0x6ba460 of 72 bytes failed: Only part of a ReadProcessMemory or WriteProcessMemory request was completed. (0x12B)
[0824/085241.899:ERROR:process_memory_win.cc(73)] ReadMemory at 0x6ba510 of 72 bytes failed: Only part of a ReadProcessMemory or WriteProcessMemory request was completed. (0x12B)
[0824/085241.899:ERROR:process_memory_win.cc(73)] ReadMemory at 0x6ba678 of 80 bytes failed: Only part of a ReadProcessMemory or WriteProcessMemory request was completed. (0x12B)
[0824/085241.899:ERROR:process_memory_win.cc(73)] ReadMemory at 0x6c0e90 of 146 bytes failed: Only part of a ReadProcessMemory or WriteProcessMemory request was completed. (0x12B)
[0824/085241.899:ERROR:process_memory_win.cc(73)] ReadMemory at 0x6c1b88 of 76 bytes failed: Only part of a ReadProcessMemory or WriteProcessMemory request was completed. (0x12B)
[0824/085241.899:ERROR:process_memory_win.cc(73)] ReadMemory at 0x6c3970 of 72 bytes failed: Only part of a ReadProcessMemory or WriteProcessMemory request was completed. (0x12B)
[0824/085241.899:ERROR:process_memory_win.cc(73)] ReadMemory at 0x6c3ce0 of 72 bytes failed: Only part of a ReadProcessMemory or WriteProcessMemory request was completed. (0x12B)
[0824/085241.899:ERROR:process_memory_win.cc(73)] ReadMemory at 0x6c3e40 of 72 bytes failed: Only part of a ReadProcessMemory or WriteProcessMemory request was completed. (0x12B)
[0824/085241.899:ERROR:process_memory_win.cc(73)] ReadMemory at 0x6c3ef0 of 72 bytes failed: Only part of a ReadProcessMemory or WriteProcessMemory request was completed. (0x12B)
[0824/085241.899:ERROR:process_memory_win.cc(73)] ReadMemory at 0x6c3fa0 of 72 bytes failed: Only part of a ReadProcessMemory or WriteProcessMemory request was completed. (0x12B)
[0824/085241.899:ERROR:process_memory_win.cc(73)] ReadMemory at 0x6c4050 of 72 bytes failed: Only part of a ReadProcessMemory or WriteProcessMemory request was completed. (0x12B)
[0824/085241.899:ERROR:process_memory_win.cc(73)] ReadMemory at 0x6c4730 of 72 bytes failed: Only part of a ReadProcessMemory or WriteProcessMemory request was completed. (0x12B)
[0824/085241.899:ERROR:process_memory_win.cc(73)] ReadMemory at 0x6c47e0 of 72 bytes failed: Only part of a ReadProcessMemory or WriteProcessMemory request was completed. (0x12B)
[0824/085241.899:ERROR:process_memory_win.cc(73)] ReadMemory at 0x6c4890 of 72 bytes failed: Only part of a ReadProcessMemory or WriteProcessMemory request was completed. (0x12B)
[0824/085241.899:ERROR:process_memory_win.cc(73)] ReadMemory at 0x6c4c00 of 72 bytes failed: Only part of a ReadProcessMemory or WriteProcessMemory request was completed. (0x12B)
[0824/085241.899:ERROR:process_memory_win.cc(73)] ReadMemory at 0x700a30 of 528 bytes failed: Only part of a ReadProcessMemory or WriteProcessMemory request was completed. (0x12B)
[0824/085241.899:ERROR:process_memory_win.cc(73)] ReadMemory at 0x719f48 of 612 bytes failed: Only part of a ReadProcessMemory or WriteProcessMemory request was completed. (0x12B)
[0824/085241.899:ERROR:process_memory_win.cc(73)] ReadMemory at 0x71b318 of 512 bytes failed: Only part of a ReadProcessMemory or WriteProcessMemory request was completed. (0x12B)
[0824/085241.899:ERROR:process_memory_win.cc(73)] ReadMemory at 0x71e1e8 of 512 bytes failed: Only part of a ReadProcessMemory or WriteProcessMemory request was completed. (0x12B)
[0824/085241.899:ERROR:process_memory_win.cc(73)] ReadMemory at 0x7252b8 of 960 bytes failed: Only part of a ReadProcessMemory or WriteProcessMemory request was completed. (0x12B)
[0824/085241.899:ERROR:process_memory_win.cc(73)] ReadMemory at 0x98a393c of 512 bytes failed: Only part of a ReadProcessMemory or WriteProcessMemory request was completed. (0x12B)
[0824/085241.899:ERROR:process_memory_win.cc(73)] ReadMemory at 0x38152f85 of 512 bytes failed: Only part of a ReadProcessMemory or WriteProcessMemory request was completed. (0x12B)
[0824/085241.899:ERROR:process_memory_win.cc(73)] ReadMemory at 0x4c600000 of 384 bytes failed: Only part of a ReadProcessMemory or WriteProcessMemory request was completed. (0x12B)
[0824/085241.899:ERROR:process_memory_win.cc(73)] ReadMemory at 0x4c61be09 of 512 bytes failed: Only part of a ReadProcessMemory or WriteProcessMemory request was completed. (0x12B)
[0824/085241.899:ERROR:process_memory_win.cc(73)] ReadMemory at 0x561f2f59 of 512 bytes failed: Only part of a ReadProcessMemory or WriteProcessMemory request was completed. (0x12B)
[0824/085241.902:ERROR:scoped_process_suspend.cc(40)] NtResumeProcess: An attempt was made to access an exiting process. (0xc000010a)
[0826/122728.528:ERROR:process_memory_win.cc(73)] ReadMemory at 0x3a0000 of 64 bytes failed: Only part of a ReadProcessMemory or WriteProcessMemory request was completed. (0x12B)
[0826/122728.533:WARNING:pe_image_reader.cc(340)] could not read dos header from C:\Program Files (x86)\Google\Chrome\Application\chrome.exe
[0826/122728.533:ERROR:process_memory_win.cc(73)] ReadMemory at 0x773e0000 of 64 bytes failed: Only part of a ReadProcessMemory or WriteProcessMemory request was completed. (0x12B)
[0826/122728.533:WARNING:pe_image_reader.cc(340)] could not read dos header from C:\Windows\SYSTEM32\ntdll.dll
[0826/122728.533:ERROR:process_memory_win.cc(73)] ReadMemory at 0x76b10000 of 64 bytes failed: Only part of a ReadProcessMemory or WriteProcessMemory request was completed. (0x12B)
[0826/122728.533:WARNING:pe_image_reader.cc(340)] could not read dos header from C:\Windows\System32\KERNEL32.DLL
[0826/122728.533:ERROR:process_memory_win.cc(73)] ReadMemory at 0x76860000 of 64 bytes failed: Only part of a ReadProcessMemory or WriteProcessMemory request was completed. (0x12B)
[0826/122728.533:WARNING:pe_image_reader.cc(340)] could not read dos header from C:\Windows\System32\KERNELBASE.dll
[0826/122728.533:ERROR:process_memory_win.cc(73)] ReadMemory at 0x645c0000 of 64 bytes failed: Only part of a ReadProcessMemory or WriteProcessMemory request was completed. (0x12B)
[0826/122728.533:WARNING:pe_image_reader.cc(340)] could not read dos header from C:\Program Files (x86)\Google\Chrome\Application\84.0.4147.125\chrome_elf.dll
[0826/122728.533:ERROR:process_memory_win.cc(73)] ReadMemory at 0x72370000 of 64 bytes failed: Only part of a ReadProcessMemory or WriteProcessMemory request was completed. (0x12B)
[0826/122728.533:WARNING:pe_image_reader.cc(340)] could not read dos header from C:\Windows\SYSTEM32\VERSION.dll
[0826/122728.533:ERROR:process_memory_win.cc(73)] ReadMemory at 0x76a50000 of 64 bytes failed: Only part of a ReadProcessMemory or WriteProcessMemory request was completed. (0x12B)
[0826/122728.533:WARNING:pe_image_reader.cc(340)] could not read dos header from C:\Windows\System32\msvcrt.dll
[0826/122728.533:ERROR:process_memory_win.cc(73)] ReadMemory at 0x73a30000 of 64 bytes failed: Only part of a ReadProcessMemory or WriteProcessMemory request was completed. (0x12B)
[0826/122728.533:WARNING:pe_image_reader.cc(340)] could not read dos header from C:\Windows\system32\vmwsci.dll
[0826/122728.533:ERROR:process_memory_win.cc(73)] ReadMemory at 0x75060000 of 64 bytes failed: Only part of a ReadProcessMemory or WriteProcessMemory request was completed. (0x12B)
[0826/122728.533:WARNING:pe_image_reader.cc(340)] could not read dos header from C:\Windows\System32\PSAPI.DLL
[0826/122728.533:ERROR:process_memory_win.cc(73)] ReadMemory at 0x76710000 of 64 bytes failed: Only part of a ReadProcessMemory or WriteProcessMemory request was completed. (0x12B)
[0826/122728.533:WARNING:pe_image_reader.cc(340)] could not read dos header from C:\Windows\System32\bcryptPrimitives.dll
[0826/122728.533:ERROR:process_memory_win.cc(73)] ReadMemory at 0x74880000 of 64 bytes failed: Only part of a ReadProcessMemory or WriteProcessMemory request was completed. (0x12B)
[0826/122728.533:WARNING:pe_image_reader.cc(340)] could not read dos header from C:\Windows\System32\ADVAPI32.dll
[0826/122728.533:ERROR:process_memory_win.cc(73)] ReadMemory at 0x75010000 of 64 bytes failed: Only part of a ReadProcessMemory or WriteProcessMemory request was completed. (0x12B)
[0826/122728.533:WARNING:pe_image_reader.cc(340)] could not read dos header from C:\Windows\System32\sechost.dll
[0826/122728.533:ERROR:process_memory_win.cc(73)] ReadMemory at 0x73de0000 of 64 bytes failed: Only part of a ReadProcessMemory or WriteProcessMemory request was completed. (0x12B)
[0826/122728.534:WARNING:pe_image_reader.cc(340)] could not read dos header from C:\Windows\System32\RPCRT4.dll
[0826/122728.534:ERROR:process_memory_win.cc(73)] ReadMemory at 0x73ca0000 of 64 bytes failed: Only part of a ReadProcessMemory or WriteProcessMemory request was completed. (0x12B)
[0826/122728.534:WARNING:pe_image_reader.cc(340)] could not read dos header from C:\Windows\System32\SspiCli.dll
[0826/122728.534:ERROR:process_memory_win.cc(73)] ReadMemory at 0x73c90000 of 64 bytes failed: Only part of a ReadProcessMemory or WriteProcessMemory request was completed. (0x12B)
[0826/122728.534:WARNING:pe_image_reader.cc(340)] could not read dos header from C:\Windows\System32\CRYPTBASE.dll
[0826/122728.534:ERROR:process_memory_win.cc(73)] ReadMemory at 0xf930000 of 64 bytes failed: Only part of a ReadProcessMemory or WriteProcessMemory request was completed. (0x12B)
[0826/122728.534:WARNING:pe_image_reader.cc(340)] could not read dos header from C:\Program Files (x86)\Google\Chrome\Application\84.0.4147.125\chrome.dll
[0826/122728.534:ERROR:process_memory_win.cc(73)] ReadMemory at 0x74d70000 of 64 bytes failed: Only part of a ReadProcessMemory or WriteProcessMemory request was completed. (0x12B)
[0826/122728.534:WARNING:pe_image_reader.cc(340)] could not read dos header from C:\Windows\System32\WS2_32.dll
[0826/122728.534:ERROR:process_memory_win.cc(73)] ReadMemory at 0x77120000 of 64 bytes failed: Only part of a ReadProcessMemory or WriteProcessMemory request was completed. (0x12B)
[0826/122728.534:WARNING:pe_image_reader.cc(340)] could not read dos header from C:\Windows\System32\OLEAUT32.dll
[0826/122728.534:ERROR:process_memory_win.cc(73)] ReadMemory at 0x76bf0000 of 64 bytes failed: Only part of a ReadProcessMemory or WriteProcessMemory request was completed. (0x12B)
[0826/122728.534:WARNING:pe_image_reader.cc(340)] could not read dos header from C:\Windows\System32\msvcp_win.dll
[0826/122728.534:ERROR:process_memory_win.cc(73)] ReadMemory at 0x73cc0000 of 64 bytes failed: Only part of a ReadProcessMemory or WriteProcessMemory request was completed. (0x12B)
[0826/122728.534:WARNING:pe_image_reader.cc(340)] could not read dos header from C:\Windows\System32\ucrtbase.dll
[0826/122728.534:ERROR:process_memory_win.cc(73)] ReadMemory at 0x73ea0000 of 64 bytes failed: Only part of a ReadProcessMemory or WriteProcessMemory request was completed. (0x12B)
[0826/122728.534:WARNING:pe_image_reader.cc(340)] could not read dos header from C:\Windows\System32\combase.dll
[0826/122728.534:ERROR:process_memory_win.cc(73)] ReadMemory at 0x74100000 of 64 bytes failed: Only part of a ReadProcessMemory or WriteProcessMemory request was completed. (0x12B)
[0826/122728.534:WARNING:pe_image_reader.cc(340)] could not read dos header from C:\Windows\System32\WINTRUST.dll
[0826/122728.534:ERROR:process_memory_win.cc(73)] ReadMemory at 0x765e0000 of 64 bytes failed: Only part of a ReadProcessMemory or WriteProcessMemory request was completed. (0x12B)
[0826/122728.534:WARNING:pe_image_reader.cc(340)] could not read dos header from C:\Windows\System32\MSASN1.dll
[0826/122728.534:ERROR:process_memory_win.cc(73)] ReadMemory at 0x74950000 of 64 bytes failed: Only part of a ReadProcessMemory or WriteProcessMemory request was completed. (0x12B)
[0826/122728.534:WARNING:pe_image_reader.cc(340)] could not read dos header from C:\Windows\System32\CRYPT32.dll
[0826/122728.534:ERROR:process_memory_win.cc(73)] ReadMemory at 0x72c30000 of 64 bytes failed: Only part of a ReadProcessMemory or WriteProcessMemory request was completed. (0x12B)
[0826/122728.534:WARNING:pe_image_reader.cc(340)] could not read dos header from C:\Windows\SYSTEM32\IPHLPAPI.DLL
[0826/122728.534:ERROR:process_memory_win.cc(73)] ReadMemory at 0x72c00000 of 64 bytes failed: Only part of a ReadProcessMemory or WriteProcessMemory request was completed. (0x12B)
[0826/122728.534:WARNING:pe_image_reader.cc(340)] could not read dos header from C:\Windows\SYSTEM32\WINMM.dll
[0826/122728.534:ERROR:process_memory_win.cc(73)] ReadMemory at 0x73b80000 of 64 bytes failed: Only part of a ReadProcessMemory or WriteProcessMemory request was completed. (0x12B)
[0826/122728.534:WARNING:pe_image_reader.cc(340)] could not read dos header from C:\Windows\SYSTEM32\Secur32.dll
[0826/122728.534:ERROR:process_memory_win.cc(73)] ReadMemory at 0x710f0000 of 64 bytes failed: Only part of a ReadProcessMemory or WriteProcessMemory request was completed. (0x12B)
[0826/122728.534:WARNING:pe_image_reader.cc(340)] could not read dos header from C:\Windows\SYSTEM32\USERENV.dll
[0826/122728.534:ERROR:process_memory_win.cc(73)] ReadMemory at 0x76c80000 of 64 bytes failed: Only part of a ReadProcessMemory or WriteProcessMemory request was completed. (0x12B)
[0826/122728.534:WARNING:pe_image_reader.cc(340)] could not read dos header from C:\Windows\System32\profapi.dll
[0826/122728.534:ERROR:process_memory_win.cc(73)] ReadMemory at 0x719a0000 of 64 bytes failed: Only part of a ReadProcessMemory or WriteProcessMemory request was completed. (0x12B)
[0826/122728.534:WARNING:pe_image_reader.cc(340)] could not read dos header from C:\Windows\SYSTEM32\UIAutomationCore.DLL
[0826/122728.534:ERROR:process_memory_win.cc(73)] ReadMemory at 0x6d6b0000 of 64 bytes failed: Only part of a ReadProcessMemory or WriteProcessMemory request was completed. (0x12B)
[0826/122728.535:WARNING:pe_image_reader.cc(340)] could not read dos header from C:\Windows\SYSTEM32\DWrite.dll
[0826/122728.535:ERROR:process_memory_win.cc(73)] ReadMemory at 0x67d10000 of 64 bytes failed: Only part of a ReadProcessMemory or WriteProcessMemory request was completed. (0x12B)
[0826/122728.535:WARNING:pe_image_reader.cc(340)] could not read dos header from C:\Windows\SYSTEM32\WINSPOOL.DRV
[0826/122728.535:ERROR:process_memory_win.cc(73)] ReadMemory at 0x772e0000 of 64 bytes failed: Only part of a ReadProcessMemory or WriteProcessMemory request was completed. (0x12B)
[0826/122728.535:WARNING:pe_image_reader.cc(340)] could not read dos header from C:\Windows\System32\kernel.appcore.dll
[0826/122728.535:ERROR:process_memory_win.cc(73)] ReadMemory at 0x72c60000 of 64 bytes failed: Only part of a ReadProcessMemory or WriteProcessMemory request was completed. (0x12B)
[0826/122728.535:WARNING:pe_image_reader.cc(340)] could not read dos header from C:\Windows\SYSTEM32\dbghelp.dll
[0826/122728.535:ERROR:process_memory_win.cc(73)] ReadMemory at 0x70f80000 of 64 bytes failed: Only part of a ReadProcessMemory or WriteProcessMemory request was completed. (0x12B)
[0826/122728.535:WARNING:pe_image_reader.cc(340)] could not read dos header from C:\Windows\SYSTEM32\WINHTTP.dll
[0826/122728.535:ERROR:process_memory_win.cc(73)] ReadMemory at 0x724b0000 of 64 bytes failed: Only part of a ReadProcessMemory or WriteProcessMemory request was completed. (0x12B)
[0826/122728.535:WARNING:pe_image_reader.cc(340)] could not read dos header from C:\Windows\SYSTEM32\dhcpcsvc.DLL
[0826/122728.535:ERROR:process_memory_win.cc(73)] ReadMemory at 0x74af0000 of 64 bytes failed: Only part of a ReadProcessMemory or WriteProcessMemory request was completed. (0x12B)
[0826/122728.535:WARNING:pe_image_reader.cc(340)] could not read dos header from C:\Windows\System32\NSI.dll
[0826/122728.535:ERROR:process_memory_win.cc(73)] ReadMemory at 0x72740000 of 64 bytes failed: Only part of a ReadProcessMemory or WriteProcessMemory request was completed. (0x12B)
[0826/122728.535:WARNING:pe_image_reader.cc(340)] could not read dos header from C:\Windows\SYSTEM32\WINMMBASE.dll
[0826/122728.535:ERROR:process_memory_win.cc(73)] ReadMemory at 0x74b00000 of 64 bytes failed: Only part of a ReadProcessMemory or WriteProcessMemory request was completed. (0x12B)
[0826/122728.535:WARNING:pe_image_reader.cc(340)] could not read dos header from C:\Windows\System32\cfgmgr32.dll
[0826/122728.535:ERROR:process_memory_win.cc(73)] ReadMemory at 0x6ce30000 of 64 bytes failed: Only part of a ReadProcessMemory or WriteProcessMemory request was completed. (0x12B)
[0826/122728.535:WARNING:pe_image_reader.cc(340)] could not read dos header from C:\Windows\SYSTEM32\PROPSYS.dll
[0826/122728.535:ERROR:process_memory_win.cc(73)] ReadMemory at 0x76550000 of 64 bytes failed: Only part of a ReadProcessMemory or WriteProcessMemory request was completed. (0x12B)
[0826/122728.535:WARNING:pe_image_reader.cc(340)] could not read dos header from C:\Windows\System32\shcore.dll
[0826/122728.535:ERROR:process_memory_win.cc(73)] ReadMemory at 0x73ab0000 of 64 bytes failed: Only part of a ReadProcessMemory or WriteProcessMemory request was completed. (0x12B)
[0826/122728.535:WARNING:pe_image_reader.cc(340)] could not read dos header from C:\Windows\SYSTEM32\bcrypt.dll
[0826/122728.535:ERROR:process_memory_win.cc(73)] ReadMemory at 0x75070000 of 64 bytes failed: Only part of a ReadProcessMemory or WriteProcessMemory request was completed. (0x12B)
[0826/122728.535:WARNING:pe_image_reader.cc(340)] could not read dos header from C:\Windows\System32\SHELL32.dll
[0826/122728.535:ERROR:process_memory_win.cc(73)] ReadMemory at 0x742c0000 of 64 bytes failed: Only part of a ReadProcessMemory or WriteProcessMemory request was completed. (0x12B)
[0826/122728.535:WARNING:pe_image_reader.cc(340)] could not read dos header from C:\Windows\System32\windows.storage.dll
[0826/122728.535:ERROR:process_memory_win.cc(73)] ReadMemory at 0x74900000 of 64 bytes failed: Only part of a ReadProcessMemory or WriteProcessMemory request was completed. (0x12B)
[0826/122728.535:WARNING:pe_image_reader.cc(340)] could not read dos header from C:\Windows\System32\shlwapi.dll
[0826/122728.535:ERROR:process_memory_win.cc(73)] ReadMemory at 0x74e10000 of 64 bytes failed: Only part of a ReadProcessMemory or WriteProcessMemory request was completed. (0x12B)
[0826/122728.535:WARNING:pe_image_reader.cc(340)] could not read dos header from C:\Windows\System32\GDI32.dll
[0826/122728.535:ERROR:process_memory_win.cc(73)] ReadMemory at 0x74150000 of 64 bytes failed: Only part of a ReadProcessMemory or WriteProcessMemory request was completed. (0x12B)
[0826/122728.535:WARNING:pe_image_reader.cc(340)] could not read dos header from C:\Windows\System32\gdi32full.dll
[0826/122728.535:ERROR:process_memory_win.cc(73)] ReadMemory at 0x763c0000 of 64 bytes failed: Only part of a ReadProcessMemory or WriteProcessMemory request was completed. (0x12B)
[0826/122728.535:WARNING:pe_image_reader.cc(340)] could not read dos header from C:\Windows\System32\USER32.dll
[0826/122728.535:ERROR:process_memory_win.cc(73)] ReadMemory at 0x766f0000 of 64 bytes failed: Only part of a ReadProcessMemory or WriteProcessMemory request was completed. (0x12B)
[0826/122728.536:WARNING:pe_image_reader.cc(340)] could not read dos header from C:\Windows\System32\win32u.dll
[0826/122728.536:ERROR:process_memory_win.cc(73)] ReadMemory at 0x76ca0000 of 64 bytes failed: Only part of a ReadProcessMemory or WriteProcessMemory request was completed. (0x12B)
[0826/122728.536:WARNING:pe_image_reader.cc(340)] could not read dos header from C:\Windows\System32\powrprof.dll
[0826/122728.536:ERROR:process_memory_win.cc(73)] ReadMemory at 0x77250000 of 64 bytes failed: Only part of a ReadProcessMemory or WriteProcessMemory request was completed. (0x12B)
[0826/122728.536:WARNING:pe_image_reader.cc(340)] could not read dos header from C:\Windows\System32\FLTLIB.DLL
[0826/122728.536:ERROR:process_memory_win.cc(73)] ReadMemory at 0x74de0000 of 64 bytes failed: Only part of a ReadProcessMemory or WriteProcessMemory request was completed. (0x12B)
[0826/122728.536:WARNING:pe_image_reader.cc(340)] could not read dos header from C:\Windows\System32\IMM32.DLL
[0826/122728.570:ERROR:process_memory_win.cc(73)] ReadMemory at 0x4965000 of 110592 bytes failed: Only part of a ReadProcessMemory or WriteProcessMemory request was completed. (0x12B)
[0826/122728.570:ERROR:process_memory_win.cc(73)] ReadMemory at 0x673e000 of 8192 bytes failed: Only part of a ReadProcessMemory or WriteProcessMemory request was completed. (0x12B)
[0826/122728.570:ERROR:process_memory_win.cc(73)] ReadMemory at 0x69be000 of 8192 bytes failed: Only part of a ReadProcessMemory or WriteProcessMemory request was completed. (0x12B)
[0826/122728.570:ERROR:process_memory_win.cc(73)] ReadMemory at 0x6afe000 of 8192 bytes failed: Only part of a ReadProcessMemory or WriteProcessMemory request was completed. (0x12B)
[0826/122728.570:ERROR:process_memory_win.cc(73)] ReadMemory at 0x6cbf000 of 4096 bytes failed: Only part of a ReadProcessMemory or WriteProcessMemory request was completed. (0x12B)
[0826/122728.570:ERROR:process_memory_win.cc(73)] ReadMemory at 0x6dfe000 of 8192 bytes failed: Only part of a ReadProcessMemory or WriteProcessMemory request was completed. (0x12B)
[0826/122728.570:ERROR:process_memory_win.cc(73)] ReadMemory at 0x703d000 of 12288 bytes failed: Only part of a ReadProcessMemory or WriteProcessMemory request was completed. (0x12B)
[0826/122728.570:ERROR:process_memory_win.cc(73)] ReadMemory at 0x717e000 of 8192 bytes failed: Only part of a ReadProcessMemory or WriteProcessMemory request was completed. (0x12B)
[0826/122728.570:ERROR:process_memory_win.cc(73)] ReadMemory at 0x72bb000 of 20480 bytes failed: Only part of a ReadProcessMemory or WriteProcessMemory request was completed. (0x12B)
[0826/122728.571:ERROR:process_memory_win.cc(73)] ReadMemory at 0x73fc000 of 16384 bytes failed: Only part of a ReadProcessMemory or WriteProcessMemory request was completed. (0x12B)
[0826/122728.571:ERROR:process_memory_win.cc(73)] ReadMemory at 0xccfe000 of 8192 bytes failed: Only part of a ReadProcessMemory or WriteProcessMemory request was completed. (0x12B)
[0826/122728.571:ERROR:process_memory_win.cc(73)] ReadMemory at 0x897d000 of 12288 bytes failed: Only part of a ReadProcessMemory or WriteProcessMemory request was completed. (0x12B)
[0826/122728.571:ERROR:process_memory_win.cc(73)] ReadMemory at 0x8d5e000 of 8192 bytes failed: Only part of a ReadProcessMemory or WriteProcessMemory request was completed. (0x12B)
[0826/122728.571:ERROR:process_memory_win.cc(73)] ReadMemory at 0x4617000 of 3992 bytes failed: Only part of a ReadProcessMemory or WriteProcessMemory request was completed. (0x12B)
[0826/122728.571:ERROR:process_memory_win.cc(73)] ReadMemory at 0x462c000 of 3992 bytes failed: Only part of a ReadProcessMemory or WriteProcessMemory request was completed. (0x12B)
[0826/122728.571:ERROR:process_memory_win.cc(73)] ReadMemory at 0x4638000 of 3992 bytes failed: Only part of a ReadProcessMemory or WriteProcessMemory request was completed. (0x12B)
[0826/122728.571:ERROR:process_memory_win.cc(73)] ReadMemory at 0x47da000 of 560 bytes failed: Only part of a ReadProcessMemory or WriteProcessMemory request was completed. (0x12B)
[0826/122728.571:ERROR:process_memory_win.cc(73)] ReadMemory at 0x47dd000 of 3992 bytes failed: Only part of a ReadProcessMemory or WriteProcessMemory request was completed. (0x12B)
[0826/122728.572:ERROR:process_memory_win.cc(73)] ReadMemory at 0x47e0000 of 3992 bytes failed: Only part of a ReadProcessMemory or WriteProcessMemory request was completed. (0x12B)
[0826/122728.572:ERROR:process_memory_win.cc(73)] ReadMemory at 0x47e6000 of 3992 bytes failed: Only part of a ReadProcessMemory or WriteProcessMemory request was completed. (0x12B)
[0826/122728.572:ERROR:process_memory_win.cc(73)] ReadMemory at 0x47e9000 of 3992 bytes failed: Only part of a ReadProcessMemory or WriteProcessMemory request was completed. (0x12B)
[0826/122728.572:ERROR:process_memory_win.cc(73)] ReadMemory at 0x47ec000 of 3992 bytes failed: Only part of a ReadProcessMemory or WriteProcessMemory request was completed. (0x12B)
[0826/122728.572:ERROR:process_memory_win.cc(73)] ReadMemory at 0x47ef000 of 3992 bytes failed: Only part of a ReadProcessMemory or WriteProcessMemory request was completed. (0x12B)
[0826/122728.572:ERROR:process_memory_win.cc(73)] ReadMemory at 0x47f2000 of 3992 bytes failed: Only part of a ReadProcessMemory or WriteProcessMemory request was completed. (0x12B)
[0826/122728.572:ERROR:process_memory_win.cc(73)] ReadMemory at 0x47f5000 of 3992 bytes failed: Only part of a ReadProcessMemory or WriteProcessMemory request was completed. (0x12B)
[0826/122728.572:ERROR:process_memory_win.cc(73)] ReadMemory at 0x47f8000 of 3992 bytes failed: Only part of a ReadProcessMemory or WriteProcessMemory request was completed. (0x12B)
[0826/122728.572:ERROR:process_memory_win.cc(73)] ReadMemory at 0x47fb000 of 3992 bytes failed: Only part of a ReadProcessMemory or WriteProcessMemory request was completed. (0x12B)
[0826/122728.572:ERROR:process_memory_win.cc(73)] ReadMemory at 0x4bb0ae0 of 8016 bytes failed: Only part of a ReadProcessMemory or WriteProcessMemory request was completed. (0x12B)
[0826/122728.572:ERROR:process_memory_win.cc(73)] ReadMemory at 0x4bb2a38 of 660 bytes failed: Only part of a ReadProcessMemory or WriteProcessMemory request was completed. (0x12B)
[0826/122728.572:ERROR:process_memory_win.cc(73)] ReadMemory at 0x4bb2ee4 of 118 bytes failed: Only part of a ReadProcessMemory or WriteProcessMemory request was completed. (0x12B)
[0826/122728.573:ERROR:process_memory_win.cc(73)] ReadMemory at 0x4bb2f5c of 1198 bytes failed: Only part of a ReadProcessMemory or WriteProcessMemory request was completed. (0x12B)
[0826/122728.573:ERROR:process_memory_win.cc(73)] ReadMemory at 0x4bb340c of 118 bytes failed: Only part of a ReadProcessMemory or WriteProcessMemory request was completed. (0x12B)
[0826/122728.573:ERROR:process_memory_win.cc(73)] ReadMemory at 0x4bb3484 of 98 bytes failed: Only part of a ReadProcessMemory or WriteProcessMemory request was completed. (0x12B)
[0826/122728.573:ERROR:process_memory_win.cc(73)] ReadMemory at 0x4bb5448 of 58 bytes failed: Only part of a ReadProcessMemory or WriteProcessMemory request was completed. (0x12B)
[0826/122728.573:ERROR:process_memory_win.cc(73)] ReadMemory at 0x4bb5538 of 72 bytes failed: Only part of a ReadProcessMemory or WriteProcessMemory request was completed. (0x12B)
[0826/122728.573:ERROR:process_memory_win.cc(73)] ReadMemory at 0x4bb5620 of 72 bytes failed: Only part of a ReadProcessMemory or WriteProcessMemory request was completed. (0x12B)
[0826/122728.573:ERROR:process_memory_win.cc(73)] ReadMemory at 0x4bb5720 of 126 bytes failed: Only part of a ReadProcessMemory or WriteProcessMemory request was completed. (0x12B)
[0826/122728.573:ERROR:process_memory_win.cc(73)] ReadMemory at 0x4bb5a50 of 72 bytes failed: Only part of a ReadProcessMemory or WriteProcessMemory request was completed. (0x12B)
[0826/122728.573:ERROR:process_memory_win.cc(73)] ReadMemory at 0x4bb5b38 of 64 bytes failed: Only part of a ReadProcessMemory or WriteProcessMemory request was completed. (0x12B)
[0826/122728.573:ERROR:process_memory_win.cc(73)] ReadMemory at 0x4bb5c20 of 72 bytes failed: Only part of a ReadProcessMemory or WriteProcessMemory request was completed. (0x12B)
[0826/122728.573:ERROR:process_memory_win.cc(73)] ReadMemory at 0x4bb5da8 of 72 bytes failed: Only part of a ReadProcessMemory or WriteProcessMemory request was completed. (0x12B)
[0826/122728.573:ERROR:process_memory_win.cc(73)] ReadMemory at 0x4bb5e90 of 68 bytes failed: Only part of a ReadProcessMemory or WriteProcessMemory request was completed. (0x12B)
[0826/122728.573:ERROR:process_memory_win.cc(73)] ReadMemory at 0x4bb6870 of 60 bytes failed: Only part of a ReadProcessMemory or WriteProcessMemory request was completed. (0x12B)
[0826/122728.573:ERROR:process_memory_win.cc(73)] ReadMemory at 0x4bb68c8 of 72 bytes failed: Only part of a ReadProcessMemory or WriteProcessMemory request was completed. (0x12B)
[0826/122728.573:ERROR:process_memory_win.cc(73)] ReadMemory at 0x4bb69b0 of 154 bytes failed: Only part of a ReadProcessMemory or WriteProcessMemory request was completed. (0x12B)
[0826/122728.573:ERROR:process_memory_win.cc(73)] ReadMemory at 0x4bb6e98 of 62 bytes failed: Only part of a ReadProcessMemory or WriteProcessMemory request was completed. (0x12B)
[0826/122728.573:ERROR:process_memory_win.cc(73)] ReadMemory at 0x4bb7570 of 72 bytes failed: Only part of a ReadProcessMemory or WriteProcessMemory request was completed. (0x12B)
[0826/122728.573:ERROR:process_memory_win.cc(73)] ReadMemory at 0x4bb7620 of 60 bytes failed: Only part of a ReadProcessMemory or WriteProcessMemory request was completed. (0x12B)
[0826/122728.573:ERROR:process_memory_win.cc(73)] ReadMemory at 0x4bb7f40 of 58 bytes failed: Only part of a ReadProcessMemory or WriteProcessMemory request was completed. (0x12B)
[0826/122728.574:ERROR:process_memory_win.cc(73)] ReadMemory at 0x4bbc6b0 of 72 bytes failed: Only part of a ReadProcessMemory or WriteProcessMemory request was completed. (0x12B)
[0826/122728.574:ERROR:process_memory_win.cc(73)] ReadMemory at 0x4bc0f38 of 72 bytes failed: Only part of a ReadProcessMemory or WriteProcessMemory request was completed. (0x12B)
[0826/122728.574:ERROR:process_memory_win.cc(73)] ReadMemory at 0x4bc3428 of 54 bytes failed: Only part of a ReadProcessMemory or WriteProcessMemory request was completed. (0x12B)
[0826/122728.574:ERROR:process_memory_win.cc(73)] ReadMemory at 0x4bc6ca8 of 62 bytes failed: Only part of a ReadProcessMemory or WriteProcessMemory request was completed. (0x12B)
[0826/122728.574:ERROR:process_memory_win.cc(73)] ReadMemory at 0x4bc6cf0 of 60 bytes failed: Only part of a ReadProcessMemory or WriteProcessMemory request was completed. (0x12B)
[0826/122728.574:ERROR:process_memory_win.cc(73)] ReadMemory at 0x4bc6d38 of 62 bytes failed: Only part of a ReadProcessMemory or WriteProcessMemory request was completed. (0x12B)
[0826/122728.574:ERROR:process_memory_win.cc(73)] ReadMemory at 0x4bc6d80 of 60 bytes failed: Only part of a ReadProcessMemory or WriteProcessMemory request was completed. (0x12B)
[0826/122728.574:ERROR:process_memory_win.cc(73)] ReadMemory at 0x4bc6dc8 of 62 bytes failed: Only part of a ReadProcessMemory or WriteProcessMemory request was completed. (0x12B)
[0826/122728.574:ERROR:process_memory_win.cc(73)] ReadMemory at 0x4bc6ea0 of 62 bytes failed: Only part of a ReadProcessMemory or WriteProcessMemory request was completed. (0x12B)
[0826/122728.574:ERROR:process_memory_win.cc(73)] ReadMemory at 0x4bc6ee8 of 60 bytes failed: Only part of a ReadProcessMemory or WriteProcessMemory request was completed. (0x12B)
[0826/122728.574:ERROR:process_memory_win.cc(73)] ReadMemory at 0x4bc6f30 of 62 bytes failed: Only part of a ReadProcessMemory or WriteProcessMemory request was completed. (0x12B)
[0826/122728.574:ERROR:process_memory_win.cc(73)] ReadMemory at 0x4bc6fc0 of 60 bytes failed: Only part of a ReadProcessMemory or WriteProcessMemory request was completed. (0x12B)
[0826/122728.574:ERROR:process_memory_win.cc(73)] ReadMemory at 0x4bc7050 of 62 bytes failed: Only part of a ReadProcessMemory or WriteProcessMemory request was completed. (0x12B)
[0826/122728.574:ERROR:process_memory_win.cc(73)] ReadMemory at 0x4bc70e0 of 62 bytes failed: Only part of a ReadProcessMemory or WriteProcessMemory request was completed. (0x12B)
[0826/122728.575:ERROR:process_memory_win.cc(73)] ReadMemory at 0x4bc7170 of 60 bytes failed: Only part of a ReadProcessMemory or WriteProcessMemory request was completed. (0x12B)
[0826/122728.576:ERROR:process_memory_win.cc(73)] ReadMemory at 0x4bc7200 of 62 bytes failed: Only part of a ReadProcessMemory or WriteProcessMemory request was completed. (0x12B)
[0826/122728.576:ERROR:process_memory_win.cc(73)] ReadMemory at 0x4bc7290 of 60 bytes failed: Only part of a ReadProcessMemory or WriteProcessMemory request was completed. (0x12B)
[0826/122728.576:ERROR:process_memory_win.cc(73)] ReadMemory at 0x4bc7368 of 58 bytes failed: Only part of a ReadProcessMemory or WriteProcessMemory request was completed. (0x12B)
[0826/122728.577:ERROR:process_memory_win.cc(73)] ReadMemory at 0x4bc73b0 of 62 bytes failed: Only part of a ReadProcessMemory or WriteProcessMemory request was completed. (0x12B)
[0826/122728.577:ERROR:process_memory_win.cc(73)] ReadMemory at 0x4bc73f8 of 62 bytes failed: Only part of a ReadProcessMemory or WriteProcessMemory request was completed. (0x12B)
[0826/122728.577:ERROR:process_memory_win.cc(73)] ReadMemory at 0x4bc8a18 of 72 bytes failed: Only part of a ReadProcessMemory or WriteProcessMemory request was completed. (0x12B)
[0826/122728.577:ERROR:process_memory_win.cc(73)] ReadMemory at 0x4bc8ac8 of 80 bytes failed: Only part of a ReadProcessMemory or WriteProcessMemory request was completed. (0x12B)
[0826/122728.577:ERROR:process_memory_win.cc(73)] ReadMemory at 0x4bc8db0 of 72 bytes failed: Only part of a ReadProcessMemory or WriteProcessMemory request was completed. (0x12B)
[0826/122728.577:ERROR:process_memory_win.cc(73)] ReadMemory at 0x4bc8e60 of 72 bytes failed: Only part of a ReadProcessMemory or WriteProcessMemory request was completed. (0x12B)
[0826/122728.577:ERROR:process_memory_win.cc(73)] ReadMemory at 0x4bc8f10 of 72 bytes failed: Only part of a ReadProcessMemory or WriteProcessMemory request was completed. (0x12B)
[0826/122728.577:ERROR:process_memory_win.cc(73)] ReadMemory at 0x4bc8fc0 of 72 bytes failed: Only part of a ReadProcessMemory or WriteProcessMemory request was completed. (0x12B)
[0826/122728.581:ERROR:process_memory_win.cc(73)] ReadMemory at 0x4bc9070 of 72 bytes failed: Only part of a ReadProcessMemory or WriteProcessMemory request was completed. (0x12B)
[0826/122728.581:ERROR:process_memory_win.cc(73)] ReadMemory at 0x4bc9120 of 72 bytes failed: Only part of a ReadProcessMemory or WriteProcessMemory request was completed. (0x12B)
[0826/122728.581:ERROR:process_memory_win.cc(73)] ReadMemory at 0x4bc91d0 of 72 bytes failed: Only part of a ReadProcessMemory or WriteProcessMemory request was completed. (0x12B)
[0826/122728.581:ERROR:process_memory_win.cc(73)] ReadMemory at 0x4bc9280 of 72 bytes failed: Only part of a ReadProcessMemory or WriteProcessMemory request was completed. (0x12B)
[0826/122728.581:ERROR:process_memory_win.cc(73)] ReadMemory at 0x4bc9330 of 72 bytes failed: Only part of a ReadProcessMemory or WriteProcessMemory request was completed. (0x12B)
[0826/122728.581:ERROR:process_memory_win.cc(73)] ReadMemory at 0x4bc93e0 of 72 bytes failed: Only part of a ReadProcessMemory or WriteProcessMemory request was completed. (0x12B)
[0826/122728.581:ERROR:process_memory_win.cc(73)] ReadMemory at 0x4bc9490 of 72 bytes failed: Only part of a ReadProcessMemory or WriteProcessMemory request was completed. (0x12B)
[0826/122728.581:ERROR:process_memory_win.cc(73)] ReadMemory at 0x4bc9540 of 72 bytes failed: Only part of a ReadProcessMemory or WriteProcessMemory request was completed. (0x12B)
[0826/122728.582:ERROR:process_memory_win.cc(73)] ReadMemory at 0x4bc95f0 of 72 bytes failed: Only part of a ReadProcessMemory or WriteProcessMemory request was completed. (0x12B)
[0826/122728.582:ERROR:process_memory_win.cc(73)] ReadMemory at 0x4bc96a0 of 72 bytes failed: Only part of a ReadProcessMemory or WriteProcessMemory request was completed. (0x12B)
[0826/122728.582:ERROR:process_memory_win.cc(73)] ReadMemory at 0x4bc9750 of 72 bytes failed: Only part of a ReadProcessMemory or WriteProcessMemory request was completed. (0x12B)
[0826/122728.582:ERROR:process_memory_win.cc(73)] ReadMemory at 0x4bc9800 of 72 bytes failed: Only part of a ReadProcessMemory or WriteProcessMemory request was completed. (0x12B)
[0826/122728.582:ERROR:process_memory_win.cc(73)] ReadMemory at 0x4bc98b0 of 72 bytes failed: Only part of a ReadProcessMemory or WriteProcessMemory request was completed. (0x12B)
[0826/122728.582:ERROR:process_memory_win.cc(73)] ReadMemory at 0x4bc9960 of 72 bytes failed: Only part of a ReadProcessMemory or WriteProcessMemory request was completed. (0x12B)
[0826/122728.582:ERROR:process_memory_win.cc(73)] ReadMemory at 0x4bc9a10 of 72 bytes failed: Only part of a ReadProcessMemory or WriteProcessMemory request was completed. (0x12B)
[0826/122728.582:ERROR:process_memory_win.cc(73)] ReadMemory at 0x4bc9ac0 of 72 bytes failed: Only part of a ReadProcessMemory or WriteProcessMemory request was completed. (0x12B)
[0826/122728.582:ERROR:process_memory_win.cc(73)] ReadMemory at 0x4bc9b70 of 72 bytes failed: Only part of a ReadProcessMemory or WriteProcessMemory request was completed. (0x12B)
[0826/122728.582:ERROR:process_memory_win.cc(73)] ReadMemory at 0x4bc9c20 of 72 bytes failed: Only part of a ReadProcessMemory or WriteProcessMemory request was completed. (0x12B)
[0826/122728.582:ERROR:process_memory_win.cc(73)] ReadMemory at 0x4bca1c0 of 80 bytes failed: Only part of a ReadProcessMemory or WriteProcessMemory request was completed. (0x12B)
[0826/122728.582:ERROR:process_memory_win.cc(73)] ReadMemory at 0x4bcb060 of 64 bytes failed: Only part of a ReadProcessMemory or WriteProcessMemory request was completed. (0x12B)
[0826/122728.582:ERROR:process_memory_win.cc(73)] ReadMemory at 0x4bcb0b0 of 66 bytes failed: Only part of a ReadProcessMemory or WriteProcessMemory request was completed. (0x12B)
[0826/122728.582:ERROR:process_memory_win.cc(73)] ReadMemory at 0x4bcb100 of 66 bytes failed: Only part of a ReadProcessMemory or WriteProcessMemory request was completed. (0x12B)
[0826/122728.582:ERROR:process_memory_win.cc(73)] ReadMemory at 0x4bcb1a0 of 64 bytes failed: Only part of a ReadProcessMemory or WriteProcessMemory request was completed. (0x12B)
[0826/122728.582:ERROR:process_memory_win.cc(73)] ReadMemory at 0x4bcb380 of 64 bytes failed: Only part of a ReadProcessMemory or WriteProcessMemory request was completed. (0x12B)
[0826/122728.582:ERROR:process_memory_win.cc(73)] ReadMemory at 0x4bcb3d0 of 66 bytes failed: Only part of a ReadProcessMemory or WriteProcessMemory request was completed. (0x12B)
[0826/122728.582:ERROR:process_memory_win.cc(73)] ReadMemory at 0x4bcb420 of 64 bytes failed: Only part of a ReadProcessMemory or WriteProcessMemory request was completed. (0x12B)
[0826/122728.583:ERROR:process_memory_win.cc(73)] ReadMemory at 0x4bcb560 of 64 bytes failed: Only part of a ReadProcessMemory or WriteProcessMemory request was completed. (0x12B)
[0826/122728.583:ERROR:process_memory_win.cc(73)] ReadMemory at 0x4bcb6a0 of 64 bytes failed: Only part of a ReadProcessMemory or WriteProcessMemory request was completed. (0x12B)
[0826/122728.583:ERROR:process_memory_win.cc(73)] ReadMemory at 0x4bcb740 of 64 bytes failed: Only part of a ReadProcessMemory or WriteProcessMemory request was completed. (0x12B)
[0826/122728.583:ERROR:process_memory_win.cc(73)] ReadMemory at 0x4bcb790 of 64 bytes failed: Only part of a ReadProcessMemory or WriteProcessMemory request was completed. (0x12B)
[0826/122728.583:ERROR:process_memory_win.cc(73)] ReadMemory at 0x4bcbed0 of 146 bytes failed: Only part of a ReadProcessMemory or WriteProcessMemory request was completed. (0x12B)
[0826/122728.583:ERROR:process_memory_win.cc(73)] ReadMemory at 0x4bd1f90 of 76 bytes failed: Only part of a ReadProcessMemory or WriteProcessMemory request was completed. (0x12B)
[0826/122728.583:ERROR:process_memory_win.cc(73)] ReadMemory at 0x4bd2460 of 78 bytes failed: Only part of a ReadProcessMemory or WriteProcessMemory request was completed. (0x12B)
[0826/122728.583:ERROR:process_memory_win.cc(73)] ReadMemory at 0x4bd3e50 of 72 bytes failed: Only part of a ReadProcessMemory or WriteProcessMemory request was completed. (0x12B)
[0826/122728.583:ERROR:process_memory_win.cc(73)] ReadMemory at 0x4bd3f00 of 72 bytes failed: Only part of a ReadProcessMemory or WriteProcessMemory request was completed. (0x12B)
[0826/122728.583:ERROR:process_memory_win.cc(73)] ReadMemory at 0x4bd4060 of 72 bytes failed: Only part of a ReadProcessMemory or WriteProcessMemory request was completed. (0x12B)
[0826/122728.583:ERROR:process_memory_win.cc(73)] ReadMemory at 0x4bd4270 of 72 bytes failed: Only part of a ReadProcessMemory or WriteProcessMemory request was completed. (0x12B)
[0826/122728.583:ERROR:process_memory_win.cc(73)] ReadMemory at 0x4bd43d0 of 72 bytes failed: Only part of a ReadProcessMemory or WriteProcessMemory request was completed. (0x12B)
[0826/122728.583:ERROR:process_memory_win.cc(73)] ReadMemory at 0x4bd4480 of 72 bytes failed: Only part of a ReadProcessMemory or WriteProcessMemory request was completed. (0x12B)
[0826/122728.583:ERROR:process_memory_win.cc(73)] ReadMemory at 0x4bd4530 of 72 bytes failed: Only part of a ReadProcessMemory or WriteProcessMemory request was completed. (0x12B)
[0826/122728.583:ERROR:process_memory_win.cc(73)] ReadMemory at 0x4bd45e0 of 72 bytes failed: Only part of a ReadProcessMemory or WriteProcessMemory request was completed. (0x12B)
[0826/122728.583:ERROR:process_memory_win.cc(73)] ReadMemory at 0x4bd4690 of 72 bytes failed: Only part of a ReadProcessMemory or WriteProcessMemory request was completed. (0x12B)
[0826/122728.583:ERROR:process_memory_win.cc(73)] ReadMemory at 0x4bd4740 of 72 bytes failed: Only part of a ReadProcessMemory or WriteProcessMemory request was completed. (0x12B)
[0826/122728.583:ERROR:process_memory_win.cc(73)] ReadMemory at 0x4bd48a0 of 72 bytes failed: Only part of a ReadProcessMemory or WriteProcessMemory request was completed. (0x12B)
[0826/122728.583:ERROR:process_memory_win.cc(73)] ReadMemory at 0x4bd4a00 of 72 bytes failed: Only part of a ReadProcessMemory or WriteProcessMemory request was completed. (0x12B)
[0826/122728.583:ERROR:process_memory_win.cc(73)] ReadMemory at 0x4bd4ab0 of 72 bytes failed: Only part of a ReadProcessMemory or WriteProcessMemory request was completed. (0x12B)
[0826/122728.584:ERROR:process_memory_win.cc(73)] ReadMemory at 0x4bd4cc0 of 72 bytes failed: Only part of a ReadProcessMemory or WriteProcessMemory request was completed. (0x12B)
[0826/122728.584:ERROR:process_memory_win.cc(73)] ReadMemory at 0x4bd4d70 of 72 bytes failed: Only part of a ReadProcessMemory or WriteProcessMemory request was completed. (0x12B)
[0826/122728.584:ERROR:process_memory_win.cc(73)] ReadMemory at 0x4bd4ed0 of 72 bytes failed: Only part of a ReadProcessMemory or WriteProcessMemory request was completed. (0x12B)
[0826/122728.584:ERROR:process_memory_win.cc(73)] ReadMemory at 0x4bd4f80 of 72 bytes failed: Only part of a ReadProcessMemory or WriteProcessMemory request was completed. (0x12B)
[0826/122728.584:ERROR:process_memory_win.cc(73)] ReadMemory at 0x4bd5030 of 72 bytes failed: Only part of a ReadProcessMemory or WriteProcessMemory request was completed. (0x12B)
[0826/122728.584:ERROR:process_memory_win.cc(73)] ReadMemory at 0x4bd50e0 of 72 bytes failed: Only part of a ReadProcessMemory or WriteProcessMemory request was completed. (0x12B)
[0826/122728.584:ERROR:process_memory_win.cc(73)] ReadMemory at 0x4bd5190 of 72 bytes failed: Only part of a ReadProcessMemory or WriteProcessMemory request was completed. (0x12B)
[0826/122728.584:ERROR:process_memory_win.cc(73)] ReadMemory at 0x4bd7278 of 58 bytes failed: Only part of a ReadProcessMemory or WriteProcessMemory request was completed. (0x12B)
[0826/122728.584:ERROR:process_memory_win.cc(73)] ReadMemory at 0x4bd7308 of 60 bytes failed: Only part of a ReadProcessMemory or WriteProcessMemory request was completed. (0x12B)
[0826/122728.584:ERROR:process_memory_win.cc(73)] ReadMemory at 0x4bd7740 of 60 bytes failed: Only part of a ReadProcessMemory or WriteProcessMemory request was completed. (0x12B)
[0826/122728.584:ERROR:process_memory_win.cc(73)] ReadMemory at 0x4bd78a8 of 62 bytes failed: Only part of a ReadProcessMemory or WriteProcessMemory request was completed. (0x12B)
[0826/122728.584:ERROR:process_memory_win.cc(73)] ReadMemory at 0x4bd7938 of 58 bytes failed: Only part of a ReadProcessMemory or WriteProcessMemory request was completed. (0x12B)
[0826/122728.584:ERROR:process_memory_win.cc(73)] ReadMemory at 0x4bd7a58 of 60 bytes failed: Only part of a ReadProcessMemory or WriteProcessMemory request was completed. (0x12B)
[0826/122728.584:ERROR:process_memory_win.cc(73)] ReadMemory at 0x4bd7ce0 of 62 bytes failed: Only part of a ReadProcessMemory or WriteProcessMemory request was completed. (0x12B)
[0826/122728.584:ERROR:process_memory_win.cc(73)] ReadMemory at 0x4be1ad8 of 64 bytes failed: Only part of a ReadProcessMemory or WriteProcessMemory request was completed. (0x12B)
[0826/122728.584:ERROR:process_memory_win.cc(73)] ReadMemory at 0x4be1c18 of 66 bytes failed: Only part of a ReadProcessMemory or WriteProcessMemory request was completed. (0x12B)
[0826/122728.584:ERROR:process_memory_win.cc(73)] ReadMemory at 0x4c1e550 of 512 bytes failed: Only part of a ReadProcessMemory or WriteProcessMemory request was completed. (0x12B)
[0826/122728.585:ERROR:process_memory_win.cc(73)] ReadMemory at 0x4c1f310 of 612 bytes failed: Only part of a ReadProcessMemory or WriteProcessMemory request was completed. (0x12B)
[0826/122728.585:ERROR:process_memory_win.cc(73)] ReadMemory at 0x4c1f5a0 of 512 bytes failed: Only part of a ReadProcessMemory or WriteProcessMemory request was completed. (0x12B)
[0826/122728.585:ERROR:process_memory_win.cc(73)] ReadMemory at 0x4c30748 of 512 bytes failed: Only part of a ReadProcessMemory or WriteProcessMemory request was completed. (0x12B)
[0826/122728.585:ERROR:process_memory_win.cc(73)] ReadMemory at 0x6e1d49c of 512 bytes failed: Only part of a ReadProcessMemory or WriteProcessMemory request was completed. (0x12B)
[0826/122728.585:ERROR:process_memory_win.cc(73)] ReadMemory at 0x6e44418 of 528 bytes failed: Only part of a ReadProcessMemory or WriteProcessMemory request was completed. (0x12B)
[0826/122728.585:ERROR:process_memory_win.cc(73)] ReadMemory at 0x785990d of 512 bytes failed: Only part of a ReadProcessMemory or WriteProcessMemory request was completed. (0x12B)
[0826/122728.585:ERROR:process_memory_win.cc(73)] ReadMemory at 0x80c2af4 of 512 bytes failed: Only part of a ReadProcessMemory or WriteProcessMemory request was completed. (0x12B)
[0826/122728.585:ERROR:process_memory_win.cc(73)] ReadMemory at 0x10e59a42 of 512 bytes failed: Only part of a ReadProcessMemory or WriteProcessMemory request was completed. (0x12B)
[0826/122728.585:ERROR:process_memory_win.cc(73)] ReadMemory at 0x645e62b8 of 512 bytes failed: Only part of a ReadProcessMemory or WriteProcessMemory request was completed. (0x12B)
[0826/122728.585:ERROR:process_memory_win.cc(73)] ReadMemory at 0x76974942 of 512 bytes failed: Only part of a ReadProcessMemory or WriteProcessMemory request was completed. (0x12B)
[0826/122728.585:ERROR:process_memory_win.cc(73)] ReadMemory at 0x76b284f0 of 512 bytes failed: Only part of a ReadProcessMemory or WriteProcessMemory request was completed. (0x12B)
[0826/122728.585:ERROR:process_memory_win.cc(73)] ReadMemory at 0x773e8564 of 18 bytes failed: Only part of a ReadProcessMemory or WriteProcessMemory request was completed. (0x12B)
[0826/122728.585:ERROR:process_memory_win.cc(73)] ReadMemory at 0x774314a0 of 512 bytes failed: Only part of a ReadProcessMemory or WriteProcessMemory request was completed. (0x12B)
[0826/122728.585:ERROR:process_memory_win.cc(73)] ReadMemory at 0x7744a9dc of 592 bytes failed: Only part of a ReadProcessMemory or WriteProcessMemory request was completed. (0x12B)
[0826/122728.585:ERROR:process_memory_win.cc(73)] ReadMemory at 0x7744acfc of 512 bytes failed: Only part of a ReadProcessMemory or WriteProcessMemory request was completed. (0x12B)
[0826/122728.586:ERROR:process_memory_win.cc(73)] ReadMemory at 0x7744c63c of 560 bytes failed: Only part of a ReadProcessMemory or WriteProcessMemory request was completed. (0x12B)
[0826/122728.586:ERROR:process_memory_win.cc(73)] ReadMemory at 0x774f53b8 of 24 bytes failed: Only part of a ReadProcessMemory or WriteProcessMemory request was completed. (0x12B)
[0826/122728.586:ERROR:process_memory_win.cc(73)] ReadMemory at 0x774f573c of 32 bytes failed: Only part of a ReadProcessMemory or WriteProcessMemory request was completed. (0x12B)
[0826/122728.586:ERROR:process_memory_win.cc(73)] ReadMemory at 0x774f7ba0 of 36 bytes failed: Only part of a ReadProcessMemory or WriteProcessMemory request was completed. (0x12B)
[0826/122728.590:ERROR:scoped_process_suspend.cc(40)] NtResumeProcess: An attempt was made to access an exiting process. (0xc000010a)
[0826/125536.165:ERROR:process_reader_win.cc(123)] NtOpenThread: {Access Denied} A process has requested access to an object, but has not been granted those access rights. (0xc0000022)
[0826/125536.173:ERROR:exception_snapshot_win.cc(98)] thread ID 9968 not found in process
[0826/125536.268:ERROR:process_reader_win.cc(123)] NtOpenThread: {Access Denied} A process has requested access to an object, but has not been granted those access rights. (0xc0000022)
[0826/125536.268:ERROR:exception_snapshot_win.cc(98)] thread ID 6600 not found in process
[0826/125536.352:ERROR:process_reader_win.cc(123)] NtOpenThread: {Access Denied} A process has requested access to an object, but has not been granted those access rights. (0xc0000022)
[0826/125536.353:ERROR:exception_snapshot_win.cc(98)] thread ID 15632 not found in process
[0826/125536.424:ERROR:process_reader_win.cc(123)] NtOpenThread: {Access Denied} A process has requested access to an object, but has not been granted those access rights. (0xc0000022)
[0826/125536.424:ERROR:exception_snapshot_win.cc(98)] thread ID 14740 not found in process
[0826/125536.504:ERROR:process_reader_win.cc(151)] SuspendThread: Access is denied. (0x5)
[0826/125536.505:ERROR:process_reader_win.cc(123)] NtOpenThread: {Access Denied} A process has requested access to an object, but has not been granted those access rights. (0xc0000022)
[0826/125536.505:ERROR:exception_snapshot_win.cc(98)] thread ID 16172 not found in process
[0826/125536.564:ERROR:process_reader_win.cc(123)] NtOpenThread: {Access Denied} A process has requested access to an object, but has not been granted those access rights. (0xc0000022)
[0826/125536.565:ERROR:exception_snapshot_win.cc(98)] thread ID 9168 not found in process
[0826/125536.656:ERROR:process_reader_win.cc(151)] SuspendThread: Access is denied. (0x5)
[0826/125536.657:ERROR:process_reader_win.cc(123)] NtOpenThread: {Access Denied} A process has requested access to an object, but has not been granted those access rights. (0xc0000022)
[0826/125536.658:ERROR:exception_snapshot_win.cc(98)] thread ID 7344 not found in process
[0826/125536.720:ERROR:process_reader_win.cc(151)] SuspendThread: Access is denied. (0x5)
[0826/125536.720:ERROR:process_reader_win.cc(151)] SuspendThread: Access is denied. (0x5)
[0826/125536.720:ERROR:process_reader_win.cc(151)] SuspendThread: Access is denied. (0x5)
[0826/125536.720:ERROR:process_reader_win.cc(151)] SuspendThread: Access is denied. (0x5)
[0826/125536.720:ERROR:process_reader_win.cc(123)] NtOpenThread: {Access Denied} A process has requested access to an object, but has not been granted those access rights. (0xc0000022)
[0826/125536.720:ERROR:exception_snapshot_win.cc(98)] thread ID 16220 not found in process
[0826/151324.511:ERROR:process_reader_win.cc(123)] NtOpenThread: {Access Denied} A process has requested access to an object, but has not been granted those access rights. (0xc0000022)
[0826/151324.527:ERROR:exception_snapshot_win.cc(98)] thread ID 8212 not found in process
[0826/151324.605:ERROR:process_reader_win.cc(123)] NtOpenThread: {Access Denied} A process has requested access to an object, but has not been granted those access rights. (0xc0000022)
[0826/151324.605:ERROR:exception_snapshot_win.cc(98)] thread ID 7824 not found in process
[0826/151324.699:ERROR:process_reader_win.cc(151)] SuspendThread: Access is denied. (0x5)
[0826/151324.699:ERROR:process_reader_win.cc(151)] SuspendThread: Access is denied. (0x5)
[0826/151324.699:ERROR:process_reader_win.cc(123)] NtOpenThread: {Access Denied} A process has requested access to an object, but has not been granted those access rights. (0xc0000022)
[0826/151324.699:ERROR:exception_snapshot_win.cc(98)] thread ID 5384 not found in process
[0826/151324.746:ERROR:process_reader_win.cc(151)] SuspendThread: Access is denied. (0x5)
[0826/151324.746:ERROR:process_reader_win.cc(151)] SuspendThread: Access is denied. (0x5)
[0826/151324.746:ERROR:process_reader_win.cc(151)] SuspendThread: Access is denied. (0x5)
[0826/151324.746:ERROR:process_reader_win.cc(151)] SuspendThread: Access is denied. (0x5)
[0826/151324.746:ERROR:process_reader_win.cc(151)] SuspendThread: Access is denied. (0x5)
[0826/151324.746:ERROR:process_reader_win.cc(151)] SuspendThread: Access is denied. (0x5)
[0826/151324.746:ERROR:process_reader_win.cc(123)] NtOpenThread: {Access Denied} A process has requested access to an object, but has not been granted those access rights. (0xc0000022)
[0826/151324.746:ERROR:exception_snapshot_win.cc(98)] thread ID 2200 not found in process
[0826/151324.797:ERROR:process_reader_win.cc(151)] SuspendThread: Access is denied. (0x5)
[0826/151324.799:ERROR:process_reader_win.cc(123)] NtOpenThread: {Access Denied} A process has requested access to an object, but has not been granted those access rights. (0xc0000022)
[0826/151324.799:ERROR:exception_snapshot_win.cc(98)] thread ID 4380 not found in process
[0826/151324.860:ERROR:process_reader_win.cc(151)] SuspendThread: Access is denied. (0x5)
[0826/151324.860:ERROR:process_reader_win.cc(151)] SuspendThread: Access is denied. (0x5)
[0826/151324.860:ERROR:process_reader_win.cc(151)] SuspendThread: Access is denied. (0x5)
[0826/151324.860:ERROR:process_reader_win.cc(151)] SuspendThread: Access is denied. (0x5)
[0826/151324.860:ERROR:process_reader_win.cc(123)] NtOpenThread: {Access Denied} A process has requested access to an object, but has not been granted those access rights. (0xc0000022)
[0826/151324.860:ERROR:exception_snapshot_win.cc(98)] thread ID 8496 not found in process
[0826/161136.990:ERROR:process_reader_win.cc(123)] NtOpenThread: {Access Denied} A process has requested access to an object, but has not been granted those access rights. (0xc0000022)
[0826/161137.005:ERROR:exception_snapshot_win.cc(98)] thread ID 10680 not found in process
[0826/161137.040:ERROR:process_reader_win.cc(151)] SuspendThread: Access is denied. (0x5)
[0826/161137.040:ERROR:process_reader_win.cc(151)] SuspendThread: Access is denied. (0x5)
[0826/161137.040:ERROR:process_reader_win.cc(123)] NtOpenThread: {Access Denied} A process has requested access to an object, but has not been granted those access rights. (0xc0000022)
[0826/161137.040:ERROR:exception_snapshot_win.cc(98)] thread ID 8756 not found in process
[0826/161137.102:ERROR:process_reader_win.cc(151)] SuspendThread: Access is denied. (0x5)
[0826/161137.102:ERROR:process_reader_win.cc(151)] SuspendThread: Access is denied. (0x5)
[0826/161137.102:ERROR:process_reader_win.cc(151)] SuspendThread: Access is denied. (0x5)
[0826/161137.102:ERROR:process_reader_win.cc(151)] SuspendThread: Access is denied. (0x5)
[0826/161137.102:ERROR:process_reader_win.cc(151)] SuspendThread: Access is denied. (0x5)
[0826/161137.102:ERROR:process_reader_win.cc(123)] NtOpenThread: {Access Denied} A process has requested access to an object, but has not been granted those access rights. (0xc0000022)
[0826/161137.102:ERROR:exception_snapshot_win.cc(98)] thread ID 10276 not found in process
[0826/161315.455:ERROR:process_reader_win.cc(123)] NtOpenThread: {Access Denied} A process has requested access to an object, but has not been granted those access rights. (0xc0000022)
[0826/161315.455:ERROR:exception_snapshot_win.cc(98)] thread ID 10420 not found in process
[0826/161315.534:ERROR:process_reader_win.cc(123)] NtOpenThread: {Access Denied} A process has requested access to an object, but has not been granted those access rights. (0xc0000022)
[0826/161315.534:ERROR:exception_snapshot_win.cc(98)] thread ID 9968 not found in process
[0826/161417.465:ERROR:process_reader_win.cc(151)] SuspendThread: Access is denied. (0x5)
[0826/161417.465:ERROR:process_reader_win.cc(151)] SuspendThread: Access is denied. (0x5)
[0826/161417.465:ERROR:process_reader_win.cc(151)] SuspendThread: Access is denied. (0x5)
[0826/161417.465:ERROR:exception_snapshot_win.cc(98)] thread ID 8412 not found in process
[0827/091445.974:ERROR:process_reader_win.cc(123)] NtOpenThread: {Access Denied} A process has requested access to an object, but has not been granted those access rights. (0xc0000022)
[0827/091445.985:ERROR:exception_snapshot_win.cc(98)] thread ID 8188 not found in process
[0827/091446.012:ERROR:process_reader_win.cc(151)] SuspendThread: Access is denied. (0x5)
[0827/091446.012:ERROR:process_reader_win.cc(151)] SuspendThread: Access is denied. (0x5)
[0827/091446.012:ERROR:process_reader_win.cc(123)] NtOpenThread: {Access Denied} A process has requested access to an object, but has not been granted those access rights. (0xc0000022)
[0827/091446.012:ERROR:exception_snapshot_win.cc(98)] thread ID 4492 not found in process
[0827/091446.098:ERROR:process_reader_win.cc(123)] NtOpenThread: {Access Denied} A process has requested access to an object, but has not been granted those access rights. (0xc0000022)
[0827/091446.098:ERROR:exception_snapshot_win.cc(98)] thread ID 8064 not found in process
[0827/161033.193:ERROR:process_reader_win.cc(123)] NtOpenThread: {Access Denied} A process has requested access to an object, but has not been granted those access rights. (0xc0000022)
[0827/161033.205:ERROR:exception_snapshot_win.cc(98)] thread ID 9660 not found in process
[0827/161033.271:ERROR:process_reader_win.cc(123)] NtOpenThread: {Access Denied} A process has requested access to an object, but has not been granted those access rights. (0xc0000022)
[0827/161033.271:ERROR:exception_snapshot_win.cc(98)] thread ID 9592 not found in process
[0827/161721.284:ERROR:process_reader_win.cc(123)] NtOpenThread: {Access Denied} A process has requested access to an object, but has not been granted those access rights. (0xc0000022)
[0827/161721.290:ERROR:exception_snapshot_win.cc(98)] thread ID 12332 not found in process
[0827/161721.360:ERROR:process_reader_win.cc(123)] NtOpenThread: {Access Denied} A process has requested access to an object, but has not been granted those access rights. (0xc0000022)
[0827/161721.360:ERROR:exception_snapshot_win.cc(98)] thread ID 9364 not found in process
[0827/163120.677:ERROR:process_reader_win.cc(123)] NtOpenThread: {Access Denied} A process has requested access to an object, but has not been granted those access rights. (0xc0000022)
[0827/163120.682:ERROR:exception_snapshot_win.cc(98)] thread ID 3476 not found in process
[0827/163120.764:ERROR:process_reader_win.cc(123)] NtOpenThread: {Access Denied} A process has requested access to an object, but has not been granted those access rights. (0xc0000022)
[0827/163120.765:ERROR:exception_snapshot_win.cc(98)] thread ID 10468 not found in process
[0828/140313.816:ERROR:process_reader_win.cc(123)] NtOpenThread: {Access Denied} A process has requested access to an object, but has not been granted those access rights. (0xc0000022)
[0828/140313.824:ERROR:exception_snapshot_win.cc(98)] thread ID 8128 not found in process
[0828/140313.895:ERROR:process_reader_win.cc(123)] NtOpenThread: {Access Denied} A process has requested access to an object, but has not been granted those access rights. (0xc0000022)
[0828/140313.896:ERROR:exception_snapshot_win.cc(98)] thread ID 11500 not found in process
[0901/135918.107:ERROR:process_reader_win.cc(123)] NtOpenThread: {Access Denied} A process has requested access to an object, but has not been granted those access rights. (0xc0000022)
[0901/135918.121:ERROR:exception_snapshot_win.cc(98)] thread ID 14216 not found in process
[0901/135921.315:ERROR:process_reader_win.cc(123)] NtOpenThread: {Access Denied} A process has requested access to an object, but has not been granted those access rights. (0xc0000022)
[0901/135921.316:ERROR:exception_snapshot_win.cc(98)] thread ID 15744 not found in process
[0902/090700.568:ERROR:process_reader_win.cc(123)] NtOpenThread: {Access Denied} A process has requested access to an object, but has not been granted those access rights. (0xc0000022)
[0902/090700.568:ERROR:exception_snapshot_win.cc(98)] thread ID 11452 not found in process
[0902/090700.646:ERROR:process_reader_win.cc(123)] NtOpenThread: {Access Denied} A process has requested access to an object, but has not been granted those access rights. (0xc0000022)
[0902/090700.646:ERROR:exception_snapshot_win.cc(98)] thread ID 6040 not found in process
[0904/152948.830:ERROR:process_reader_win.cc(123)] NtOpenThread: {Access Denied} A process has requested access to an object, but has not been granted those access rights. (0xc0000022)
[0904/152948.853:ERROR:exception_snapshot_win.cc(98)] thread ID 19996 not found in process
[0904/152949.002:ERROR:process_reader_win.cc(123)] NtOpenThread: {Access Denied} A process has requested access to an object, but has not been granted those access rights. (0xc0000022)
[0904/152949.002:ERROR:exception_snapshot_win.cc(98)] thread ID 17452 not found in process
[0904/152949.107:ERROR:process_reader_win.cc(151)] SuspendThread: Access is denied. (0x5)
[0904/152949.109:ERROR:process_reader_win.cc(151)] SuspendThread: Access is denied. (0x5)
[0904/152949.109:ERROR:process_reader_win.cc(123)] NtOpenThread: {Access Denied} A process has requested access to an object, but has not been granted those access rights. (0xc0000022)
[0904/152949.109:ERROR:exception_snapshot_win.cc(98)] thread ID 12668 not found in process
[0904/152949.174:ERROR:process_reader_win.cc(123)] NtOpenThread: {Access Denied} A process has requested access to an object, but has not been granted those access rights. (0xc0000022)
[0904/152949.175:ERROR:exception_snapshot_win.cc(98)] thread ID 17244 not found in process
